<?xml version="1.0" encoding="UTF-8"?>
<!-- Generated by org.testng.reporters.JUnitReportReporter -->
<testsuite hostname="MSI" failures="0" tests="1" name="AutomationProject.TakeSceenShot" time="7.596" errors="0" timestamp="2022-08-18T21:25:47 IST" skipped="0">
  <testcase classname="AutomationProject.TakeSceenShot" name="screenShot" time="7.596"/>
  <system-out/>
</testsuite> <!-- AutomationProject.TakeSceenShot -->
