<?xml version="1.0" encoding="UTF-8"?>
<!-- Generated by org.testng.reporters.JUnitReportReporter -->
<testsuite hostname="MSI" failures="0" tests="2" name="AutomationProject.HomePage" time="4.500" errors="0" timestamp="2022-08-21T21:28:50 IST" skipped="0">
  <testcase classname="AutomationProject.HomePage" name="openBrowser" time="1.654"/>
  <system-out/>
  <testcase classname="AutomationProject.HomePage" name="openBrowser" time="2.846"/>
  <system-out/>
</testsuite> <!-- AutomationProject.HomePage -->
