<?xml version="1.0" encoding="UTF-8"?>
<!-- Generated by org.testng.reporters.JUnitReportReporter -->
<testsuite hostname="MSI" failures="0" tests="2" name="AutomationProject.Assertions" time="0.129" errors="0" timestamp="2022-08-21T21:28:50 IST" skipped="0">
  <testcase classname="AutomationProject.Assertions" name="checkheader" time="0.055"/>
  <system-out/>
  <testcase classname="AutomationProject.Assertions" name="openBrowser" time="0.074"/>
  <system-out/>
</testsuite> <!-- AutomationProject.Assertions -->
